MLog clients using log4j logging.
Initializing c3p0-0.9.1.2 [built 21-May-2007 15:04:56; debug? true; trace: 10]
MBean: com.mchange.v2.c3p0:type=PooledDataSource[1hge0yu9yd1wfm89q3h4|dbb5468] registered.
#########################
jdbc:postgresql://127.0.0.1:5432/itea-hub
postgres
gaul
5
3000
20
5
MBean: com.mchange.v2.c3p0:type=PooledDataSource[1hge0yu9yd1wfm89q3h4|dbb5468] unregistered.
C3P0Registry mbean unregistered.
com.mchange.v2.c3p0.ComboPooledDataSource@dbb5468 has been closed. 
java.lang.Exception: DEBUG STACK TRACE for PoolBackedDataSource.close().
	at com.mchange.v2.c3p0.impl.AbstractPoolBackedDataSource.close(AbstractPoolBackedDataSource.java:417)
	at sun.reflect.NativeMethodAccessorImpl.invoke0(Native Method)
	at sun.reflect.NativeMethodAccessorImpl.invoke(NativeMethodAccessorImpl.java:62)
	at sun.reflect.DelegatingMethodAccessorImpl.invoke(DelegatingMethodAccessorImpl.java:43)
	at java.lang.reflect.Method.invoke(Method.java:498)
	at org.springframework.beans.factory.support.DisposableBeanAdapter.invokeCustomDestroyMethod(DisposableBeanAdapter.java:337)
	at org.springframework.beans.factory.support.DisposableBeanAdapter.destroy(DisposableBeanAdapter.java:271)
	at org.springframework.beans.factory.support.DefaultSingletonBeanRegistry.destroyBean(DefaultSingletonBeanRegistry.java:576)
	at org.springframework.beans.factory.support.DefaultSingletonBeanRegistry.destroySingleton(DefaultSingletonBeanRegistry.java:552)
	at org.springframework.beans.factory.support.DefaultListableBeanFactory.destroySingleton(DefaultListableBeanFactory.java:955)
	at org.springframework.beans.factory.support.DefaultSingletonBeanRegistry.destroySingletons(DefaultSingletonBeanRegistry.java:521)
	at org.springframework.beans.factory.support.FactoryBeanRegistrySupport.destroySingletons(FactoryBeanRegistrySupport.java:227)
	at org.springframework.beans.factory.support.DefaultListableBeanFactory.destroySingletons(DefaultListableBeanFactory.java:962)
	at org.springframework.context.support.AbstractApplicationContext.destroyBeans(AbstractApplicationContext.java:1037)
	at org.springframework.context.support.AbstractApplicationContext.doClose(AbstractApplicationContext.java:1013)
	at org.springframework.context.support.AbstractApplicationContext.close(AbstractApplicationContext.java:963)
	at org.springframework.web.servlet.FrameworkServlet.destroy(FrameworkServlet.java:838)
	at org.apache.catalina.core.StandardWrapper.unload(StandardWrapper.java:1301)
	at org.apache.catalina.core.StandardWrapper.stopInternal(StandardWrapper.java:1635)
	at org.apache.catalina.util.LifecycleBase.stop(LifecycleBase.java:226)
	at org.apache.catalina.core.StandardContext.stopInternal(StandardContext.java:5466)
	at org.apache.catalina.util.LifecycleBase.stop(LifecycleBase.java:226)
	at org.apache.catalina.core.ContainerBase$StopChild.call(ContainerBase.java:1436)
	at org.apache.catalina.core.ContainerBase$StopChild.call(ContainerBase.java:1425)
	at java.util.concurrent.FutureTask.run(FutureTask.java:266)
	at java.util.concurrent.ThreadPoolExecutor.runWorker(ThreadPoolExecutor.java:1149)
	at java.util.concurrent.ThreadPoolExecutor$Worker.run(ThreadPoolExecutor.java:624)
	at java.lang.Thread.run(Thread.java:748)
